This file contains any messages produced by compilers while
running configure, to aid debugging if configure makes a mistake.

It was created by helloworld configure 0.9, which was
generated by GNU Autoconf 2.65.  Invocation command line was

  $ ./configure 

## --------- ##
## Platform. ##
## --------- ##

hostname = ubuntu
uname -m = i686
uname -r = 2.6.32-31-generic
uname -s = Linux
uname -v = #61-Ubuntu SMP Fri Apr 8 18:24:35 UTC 2011

/usr/bin/uname -p = unknown
/bin/uname -X     = unknown

/bin/arch              = unknown
/usr/bin/arch -k       = unknown
/usr/convex/getsysinfo = unknown
/usr/bin/hostinfo      = unknown
/bin/machine           = unknown
/usr/bin/oslevel       = unknown
/bin/universe          = unknown

PATH: /home/dariuskylin/program/java/jdk1.6.0_24/bin
PATH: /home/dariuskylin/program/java/jdk1.6.0_24/jre/bin
PATH: /usr/local/sbin
PATH: /usr/local/bin
PATH: /usr/sbin
PATH: /usr/bin
PATH: /sbin
PATH: /bin
PATH: /usr/games
PATH: /home/dariuskylin/bin


## ----------- ##
## Core tests. ##
## ----------- ##

configure:1791: checking for a BSD-compatible install
configure:1859: result: /usr/bin/install -c
configure:1870: checking whether build environment is sane
configure:1920: result: yes
configure:2061: checking for a thread-safe mkdir -p
configure:2100: result: /bin/mkdir -p
configure:2113: checking for gawk
configure:2129: found /usr/bin/gawk
configure:2140: result: gawk
configure:2151: checking whether make sets $(MAKE)
configure:2173: result: yes
configure:2303: checking for gcc
configure:2319: found /usr/bin/gcc
configure:2330: result: gcc
configure:2559: checking for C compiler version
configure:2568: gcc --version >&5
gcc (Ubuntu 4.4.3-4ubuntu5) 4.4.3
Copyright (C) 2009 Free Software Foundation, Inc.
This is free software; see the source for copying conditions.  There is NO
warranty; not even for MERCHANTABILITY or FITNESS FOR A PARTICULAR PURPOSE.

configure:2579: $? = 0
configure:2568: gcc -v >&5
Using built-in specs.
Target: i486-linux-gnu
Configured with: ../src/configure -v --with-pkgversion='Ubuntu 4.4.3-4ubuntu5' --with-bugurl=file:///usr/share/doc/gcc-4.4/README.Bugs --enable-languages=c,c++,fortran,objc,obj-c++ --prefix=/usr --enable-shared --enable-multiarch --enable-linker-build-id --with-system-zlib --libexecdir=/usr/lib --without-included-gettext --enable-threads=posix --with-gxx-include-dir=/usr/include/c++/4.4 --program-suffix=-4.4 --enable-nls --enable-clocale=gnu --enable-libstdcxx-debug --enable-plugin --enable-objc-gc --enable-targets=all --disable-werror --with-arch-32=i486 --with-tune=generic --enable-checking=release --build=i486-linux-gnu --host=i486-linux-gnu --target=i486-linux-gnu
Thread model: posix
gcc version 4.4.3 (Ubuntu 4.4.3-4ubuntu5) 
configure:2579: $? = 0
configure:2568: gcc -V >&5
gcc: '-V' option must have argument
configure:2579: $? = 1
configure:2568: gcc -qversion >&5
gcc: unrecognized option '-qversion'
gcc: no input files
configure:2579: $? = 1
configure:2599: checking whether the C compiler works
configure:2621: gcc    conftest.c  >&5
configure:2625: $? = 0
configure:2674: result: yes
configure:2677: checking for C compiler default output file name
configure:2679: result: a.out
configure:2685: checking for suffix of executables
configure:2692: gcc -o conftest    conftest.c  >&5
configure:2696: $? = 0
configure:2718: result: 
configure:2740: checking whether we are cross compiling
configure:2748: gcc -o conftest    conftest.c  >&5
configure:2752: $? = 0
configure:2759: ./conftest
configure:2763: $? = 0
configure:2778: result: no
configure:2783: checking for suffix of object files
configure:2805: gcc -c   conftest.c >&5
configure:2809: $? = 0
configure:2830: result: o
configure:2834: checking whether we are using the GNU C compiler
configure:2853: gcc -c   conftest.c >&5
configure:2853: $? = 0
configure:2862: result: yes
configure:2871: checking whether gcc accepts -g
configure:2891: gcc -c -g  conftest.c >&5
configure:2891: $? = 0
configure:2932: result: yes
configure:2949: checking for gcc option to accept ISO C89
configure:3013: gcc  -c -g -O2  conftest.c >&5
configure:3013: $? = 0
configure:3026: result: none needed
configure:3057: checking for style of include used by make
configure:3085: result: GNU
configure:3110: checking dependency style of gcc
configure:3220: result: gcc3
configure:3364: creating ./config.status

## ---------------------- ##
## Running config.status. ##
## ---------------------- ##

This file was extended by helloworld config.status 0.9, which was
generated by GNU Autoconf 2.65.  Invocation command line was

  CONFIG_FILES    = 
  CONFIG_HEADERS  = 
  CONFIG_LINKS    = 
  CONFIG_COMMANDS = 
  $ ./config.status 

on ubuntu

config.status:837: creating Makefile
config.status:837: creating config.h
config.status:1057: executing depfiles commands

## ---------------- ##
## Cache variables. ##
## ---------------- ##

ac_cv_c_compiler_gnu=yes
ac_cv_env_CC_set=
ac_cv_env_CC_value=
ac_cv_env_CFLAGS_set=
ac_cv_env_CFLAGS_value=
ac_cv_env_CPPFLAGS_set=
ac_cv_env_CPPFLAGS_value=
ac_cv_env_LDFLAGS_set=
ac_cv_env_LDFLAGS_value=
ac_cv_env_LIBS_set=
ac_cv_env_LIBS_value=
ac_cv_env_build_alias_set=
ac_cv_env_build_alias_value=
ac_cv_env_host_alias_set=
ac_cv_env_host_alias_value=
ac_cv_env_target_alias_set=
ac_cv_env_target_alias_value=
ac_cv_objext=o
ac_cv_path_install='/usr/bin/install -c'
ac_cv_path_mkdir=/bin/mkdir
ac_cv_prog_AWK=gawk
ac_cv_prog_ac_ct_CC=gcc
ac_cv_prog_cc_c89=
ac_cv_prog_cc_g=yes
ac_cv_prog_make_make_set=yes
am_cv_CC_dependencies_compiler_type=gcc3

## ----------------- ##
## Output variables. ##
## ----------------- ##

ACLOCAL='${SHELL} /home/dariuskylin/githubRepository/utilityLib/automake/helloworld/missing --run aclocal-1.11'
AMDEPBACKSLASH='\'
AMDEP_FALSE='#'
AMDEP_TRUE=''
AMTAR='${SHELL} /home/dariuskylin/githubRepository/utilityLib/automake/helloworld/missing --run tar'
AUTOCONF='${SHELL} /home/dariuskylin/githubRepository/utilityLib/automake/helloworld/missing --run autoconf'
AUTOHEADER='${SHELL} /home/dariuskylin/githubRepository/utilityLib/automake/helloworld/missing --run autoheader'
AUTOMAKE='${SHELL} /home/dariuskylin/githubRepository/utilityLib/automake/helloworld/missing --run automake-1.11'
AWK='gawk'
CC='gcc'
CCDEPMODE='depmode=gcc3'
CFLAGS='-g -O2'
CPPFLAGS=''
CYGPATH_W='echo'
DEFS='-DHAVE_CONFIG_H'
DEPDIR='.deps'
ECHO_C=''
ECHO_N='-n'
ECHO_T=''
EXEEXT=''
INSTALL_DATA='${INSTALL} -m 644'
INSTALL_PROGRAM='${INSTALL}'
INSTALL_SCRIPT='${INSTALL}'
INSTALL_STRIP_PROGRAM='$(install_sh) -c -s'
LDFLAGS=''
LIBOBJS=''
LIBS=''
LTLIBOBJS=''
MAKEINFO='${SHELL} /home/dariuskylin/githubRepository/utilityLib/automake/helloworld/missing --run makeinfo'
MKDIR_P='/bin/mkdir -p'
OBJEXT='o'
PACKAGE='helloworld'
PACKAGE_BUGREPORT='dongyuchi@gmail.com'
PACKAGE_NAME='helloworld'
PACKAGE_STRING='helloworld 0.9'
PACKAGE_TARNAME='helloworld'
PACKAGE_URL=''
PACKAGE_VERSION='0.9'
PATH_SEPARATOR=':'
SET_MAKE=''
SHELL='/bin/bash'
STRIP=''
VERSION='0.9'
ac_ct_CC='gcc'
am__EXEEXT_FALSE=''
am__EXEEXT_TRUE='#'
am__fastdepCC_FALSE='#'
am__fastdepCC_TRUE=''
am__include='include'
am__isrc=''
am__leading_dot='.'
am__quote=''
am__tar='${AMTAR} chof - "$$tardir"'
am__untar='${AMTAR} xf -'
bindir='${exec_prefix}/bin'
build_alias=''
datadir='${datarootdir}'
datarootdir='${prefix}/share'
docdir='${datarootdir}/doc/${PACKAGE_TARNAME}'
dvidir='${docdir}'
exec_prefix='${prefix}'
host_alias=''
htmldir='${docdir}'
includedir='${prefix}/include'
infodir='${datarootdir}/info'
install_sh='${SHELL} /home/dariuskylin/githubRepository/utilityLib/automake/helloworld/install-sh'
libdir='${exec_prefix}/lib'
libexecdir='${exec_prefix}/libexec'
localedir='${datarootdir}/locale'
localstatedir='${prefix}/var'
mandir='${datarootdir}/man'
mkdir_p='/bin/mkdir -p'
oldincludedir='/usr/include'
pdfdir='${docdir}'
prefix='/usr/local'
program_transform_name='s,x,x,'
psdir='${docdir}'
sbindir='${exec_prefix}/sbin'
sharedstatedir='${prefix}/com'
sysconfdir='${prefix}/etc'
target_alias=''

## ----------- ##
## confdefs.h. ##
## ----------- ##

/* confdefs.h */
#define PACKAGE_NAME "helloworld"
#define PACKAGE_TARNAME "helloworld"
#define PACKAGE_VERSION "0.9"
#define PACKAGE_STRING "helloworld 0.9"
#define PACKAGE_BUGREPORT "dongyuchi@gmail.com"
#define PACKAGE_URL ""
#define PACKAGE "helloworld"
#define VERSION "0.9"

configure: exit 0
