This file contains any messages produced by compilers while
running configure, to aid debugging if configure makes a mistake.

It was created by fuse configure 2.9.0, which was
generated by GNU Autoconf 2.68.  Invocation command line was

  $ ./configure 

## --------- ##
## Platform. ##
## --------- ##

hostname = ubuntu
uname -m = i686
uname -r = 2.6.32-31-generic
uname -s = Linux
uname -v = #61-Ubuntu SMP Fri Apr 8 18:24:35 UTC 2011

/usr/bin/uname -p = unknown
/bin/uname -X     = unknown

/bin/arch              = unknown
/usr/bin/arch -k       = unknown
/usr/convex/getsysinfo = unknown
/usr/bin/hostinfo      = unknown
/bin/machine           = unknown
/usr/bin/oslevel       = unknown
/bin/universe          = unknown

PATH: /home/dariuskylin/program/java/jdk1.6.0_24/bin
PATH: /home/dariuskylin/program/java/jdk1.6.0_24/jre/bin
PATH: /usr/local/sbin
PATH: /usr/local/bin
PATH: /usr/sbin
PATH: /usr/bin
PATH: /sbin
PATH: /bin
PATH: /usr/games
PATH: /home/dariuskylin/bin


## ----------- ##
## Core tests. ##
## ----------- ##

configure:2216: checking build system type
configure:2230: result: i686-pc-linux-gnu
configure:2250: checking host system type
configure:2263: result: i686-pc-linux-gnu
configure:2283: checking target system type
configure:2296: result: i686-pc-linux-gnu
configure:2338: checking for a BSD-compatible install
configure:2406: result: /usr/bin/install -c
configure:2417: checking whether build environment is sane
configure:2467: result: yes
configure:2608: checking for a thread-safe mkdir -p
configure:2647: result: /bin/mkdir -p
configure:2660: checking for gawk
configure:2676: found /usr/bin/gawk
configure:2687: result: gawk
configure:2698: checking whether make sets $(MAKE)
configure:2720: result: yes
configure:2861: checking how to print strings
configure:2888: result: printf
configure:2921: checking for style of include used by make
configure:2949: result: GNU
configure:3019: checking for gcc
configure:3035: found /usr/bin/gcc
configure:3046: result: gcc
configure:3275: checking for C compiler version
configure:3284: gcc --version >&5
gcc (Ubuntu 4.4.3-4ubuntu5) 4.4.3
Copyright (C) 2009 Free Software Foundation, Inc.
This is free software; see the source for copying conditions.  There is NO
warranty; not even for MERCHANTABILITY or FITNESS FOR A PARTICULAR PURPOSE.

configure:3295: $? = 0
configure:3284: gcc -v >&5
Using built-in specs.
Target: i486-linux-gnu
Configured with: ../src/configure -v --with-pkgversion='Ubuntu 4.4.3-4ubuntu5' --with-bugurl=file:///usr/share/doc/gcc-4.4/README.Bugs --enable-languages=c,c++,fortran,objc,obj-c++ --prefix=/usr --enable-shared --enable-multiarch --enable-linker-build-id --with-system-zlib --libexecdir=/usr/lib --without-included-gettext --enable-threads=posix --with-gxx-include-dir=/usr/include/c++/4.4 --program-suffix=-4.4 --enable-nls --enable-clocale=gnu --enable-libstdcxx-debug --enable-plugin --enable-objc-gc --enable-targets=all --disable-werror --with-arch-32=i486 --with-tune=generic --enable-checking=release --build=i486-linux-gnu --host=i486-linux-gnu --target=i486-linux-gnu
Thread model: posix
gcc version 4.4.3 (Ubuntu 4.4.3-4ubuntu5) 
configure:3295: $? = 0
configure:3284: gcc -V >&5
gcc: '-V' option must have argument
configure:3295: $? = 1
configure:3284: gcc -qversion >&5
gcc: unrecognized option '-qversion'
gcc: no input files
configure:3295: $? = 1
configure:3315: checking whether the C compiler works
configure:3337: gcc    conftest.c  >&5
configure:3341: $? = 0
configure:3389: result: yes
configure:3392: checking for C compiler default output file name
configure:3394: result: a.out
configure:3400: checking for suffix of executables
configure:3407: gcc -o conftest    conftest.c  >&5
configure:3411: $? = 0
configure:3433: result: 
configure:3455: checking whether we are cross compiling
configure:3463: gcc -o conftest    conftest.c  >&5
configure:3467: $? = 0
configure:3474: ./conftest
configure:3478: $? = 0
configure:3493: result: no
configure:3498: checking for suffix of object files
configure:3520: gcc -c   conftest.c >&5
configure:3524: $? = 0
configure:3545: result: o
configure:3549: checking whether we are using the GNU C compiler
configure:3568: gcc -c   conftest.c >&5
configure:3568: $? = 0
configure:3577: result: yes
configure:3586: checking whether gcc accepts -g
configure:3606: gcc -c -g  conftest.c >&5
configure:3606: $? = 0
configure:3647: result: yes
configure:3664: checking for gcc option to accept ISO C89
configure:3728: gcc  -c -g -O2  conftest.c >&5
configure:3728: $? = 0
configure:3741: result: none needed
configure:3763: checking dependency style of gcc
configure:3873: result: gcc3
configure:3888: checking for a sed that does not truncate output
configure:3952: result: /bin/sed
configure:3970: checking for grep that handles long lines and -e
configure:4028: result: /bin/grep
configure:4033: checking for egrep
configure:4095: result: /bin/grep -E
configure:4100: checking for fgrep
configure:4162: result: /bin/grep -F
configure:4197: checking for ld used by gcc
configure:4264: result: /usr/bin/ld
configure:4271: checking if the linker (/usr/bin/ld) is GNU ld
configure:4286: result: yes
configure:4298: checking for BSD- or MS-compatible name lister (nm)
configure:4347: result: /usr/bin/nm -B
configure:4477: checking the name lister (/usr/bin/nm -B) interface
configure:4484: gcc -c -g -O2  conftest.c >&5
configure:4487: /usr/bin/nm -B "conftest.o"
configure:4490: output
00000000 B some_variable
configure:4497: result: BSD nm
configure:4500: checking whether ln -s works
configure:4504: result: yes
configure:4512: checking the maximum length of command line arguments
configure:4637: result: 1572864
configure:4654: checking whether the shell understands some XSI constructs
configure:4664: result: yes
configure:4668: checking whether the shell understands "+="
configure:4674: result: yes
configure:4709: checking how to convert i686-pc-linux-gnu file names to i686-pc-linux-gnu format
configure:4749: result: func_convert_file_noop
configure:4756: checking how to convert i686-pc-linux-gnu file names to toolchain format
configure:4776: result: func_convert_file_noop
configure:4783: checking for /usr/bin/ld option to reload object files
configure:4790: result: -r
configure:4864: checking for objdump
configure:4880: found /usr/bin/objdump
configure:4891: result: objdump
configure:4923: checking how to recognize dependent libraries
configure:5125: result: pass_all
configure:5210: checking for dlltool
configure:5240: result: no
configure:5270: checking how to associate runtime and link libraries
configure:5297: result: printf %s\n
configure:5358: checking for ar
configure:5374: found /usr/bin/ar
configure:5385: result: ar
configure:5422: checking for archiver @FILE support
configure:5439: gcc -c -g -O2  conftest.c >&5
configure:5439: $? = 0
configure:5442: ar cru libconftest.a @conftest.lst >&5
configure:5445: $? = 0
configure:5450: ar cru libconftest.a @conftest.lst >&5
ar: conftest.o: No such file or directory
configure:5453: $? = 1
configure:5465: result: @
configure:5523: checking for strip
configure:5539: found /usr/bin/strip
configure:5550: result: strip
configure:5622: checking for ranlib
configure:5638: found /usr/bin/ranlib
configure:5649: result: ranlib
configure:5751: checking command to parse /usr/bin/nm -B output from gcc object
configure:5870: gcc -c -g -O2  conftest.c >&5
configure:5873: $? = 0
configure:5877: /usr/bin/nm -B conftest.o \| sed -n -e 's/^.*[ ]\([ABCDGIRSTW][ABCDGIRSTW]*\)[ ][ ]*\([_A-Za-z][_A-Za-z0-9]*\)$/\1 \2 \2/p' | sed '/ __gnu_lto/d' \> conftest.nm
configure:5880: $? = 0
configure:5946: gcc -o conftest -g -O2   conftest.c conftstm.o >&5
configure:5949: $? = 0
configure:5987: result: ok
configure:6024: checking for sysroot
configure:6054: result: no
configure:6297: checking for mt
configure:6313: found /bin/mt
configure:6324: result: mt
configure:6347: checking if mt is a manifest tool
configure:6353: mt '-?'
mt: invalid option -- ?
configure:6361: result: no
configure:6993: checking how to run the C preprocessor
configure:7024: gcc -E  conftest.c
configure:7024: $? = 0
configure:7038: gcc -E  conftest.c
conftest.c:11:28: error: ac_nonexistent.h: No such file or directory
configure:7038: $? = 1
configure: failed program was:
| /* confdefs.h */
| #define PACKAGE_NAME "fuse"
| #define PACKAGE_TARNAME "fuse"
| #define PACKAGE_VERSION "2.9.0"
| #define PACKAGE_STRING "fuse 2.9.0"
| #define PACKAGE_BUGREPORT ""
| #define PACKAGE_URL ""
| #define PACKAGE "fuse"
| #define VERSION "2.9.0"
| /* end confdefs.h.  */
| #include <ac_nonexistent.h>
configure:7063: result: gcc -E
configure:7083: gcc -E  conftest.c
configure:7083: $? = 0
configure:7097: gcc -E  conftest.c
conftest.c:11:28: error: ac_nonexistent.h: No such file or directory
configure:7097: $? = 1
configure: failed program was:
| /* confdefs.h */
| #define PACKAGE_NAME "fuse"
| #define PACKAGE_TARNAME "fuse"
| #define PACKAGE_VERSION "2.9.0"
| #define PACKAGE_STRING "fuse 2.9.0"
| #define PACKAGE_BUGREPORT ""
| #define PACKAGE_URL ""
| #define PACKAGE "fuse"
| #define VERSION "2.9.0"
| /* end confdefs.h.  */
| #include <ac_nonexistent.h>
configure:7126: checking for ANSI C header files
configure:7146: gcc -c -g -O2  conftest.c >&5
configure:7146: $? = 0
configure:7219: gcc -o conftest -g -O2   conftest.c  >&5
configure:7219: $? = 0
configure:7219: ./conftest
configure:7219: $? = 0
configure:7230: result: yes
configure:7243: checking for sys/types.h
configure:7243: gcc -c -g -O2  conftest.c >&5
configure:7243: $? = 0
configure:7243: result: yes
configure:7243: checking for sys/stat.h
configure:7243: gcc -c -g -O2  conftest.c >&5
configure:7243: $? = 0
configure:7243: result: yes
configure:7243: checking for stdlib.h
configure:7243: gcc -c -g -O2  conftest.c >&5
configure:7243: $? = 0
configure:7243: result: yes
configure:7243: checking for string.h
configure:7243: gcc -c -g -O2  conftest.c >&5
configure:7243: $? = 0
configure:7243: result: yes
configure:7243: checking for memory.h
configure:7243: gcc -c -g -O2  conftest.c >&5
configure:7243: $? = 0
configure:7243: result: yes
configure:7243: checking for strings.h
configure:7243: gcc -c -g -O2  conftest.c >&5
configure:7243: $? = 0
configure:7243: result: yes
configure:7243: checking for inttypes.h
configure:7243: gcc -c -g -O2  conftest.c >&5
configure:7243: $? = 0
configure:7243: result: yes
configure:7243: checking for stdint.h
configure:7243: gcc -c -g -O2  conftest.c >&5
configure:7243: $? = 0
configure:7243: result: yes
configure:7243: checking for unistd.h
configure:7243: gcc -c -g -O2  conftest.c >&5
configure:7243: $? = 0
configure:7243: result: yes
configure:7257: checking for dlfcn.h
configure:7257: gcc -c -g -O2  conftest.c >&5
configure:7257: $? = 0
configure:7257: result: yes
configure:7444: checking for objdir
configure:7459: result: .libs
configure:7730: checking if gcc supports -fno-rtti -fno-exceptions
configure:7748: gcc -c -g -O2  -fno-rtti -fno-exceptions conftest.c >&5
cc1: warning: command line option "-fno-rtti" is valid for C++/ObjC++ but not for C
configure:7752: $? = 0
configure:7765: result: no
configure:8075: checking for gcc option to produce PIC
configure:8082: result: -fPIC -DPIC
configure:8090: checking if gcc PIC flag -fPIC -DPIC works
configure:8108: gcc -c -g -O2  -fPIC -DPIC -DPIC conftest.c >&5
configure:8112: $? = 0
configure:8125: result: yes
configure:8154: checking if gcc static flag -static works
configure:8182: result: yes
configure:8197: checking if gcc supports -c -o file.o
configure:8218: gcc -c -g -O2  -o out/conftest2.o conftest.c >&5
configure:8222: $? = 0
configure:8244: result: yes
configure:8252: checking if gcc supports -c -o file.o
configure:8299: result: yes
configure:8332: checking whether the gcc linker (/usr/bin/ld) supports shared libraries
configure:9490: result: yes
configure:9527: checking whether -lc should be explicitly linked in
configure:9535: gcc -c -g -O2  conftest.c >&5
configure:9538: $? = 0
configure:9553: gcc -shared  -fPIC -DPIC conftest.o  -v -Wl,-soname -Wl,conftest -o conftest 2\>\&1 \| /bin/grep  -lc  \>/dev/null 2\>\&1
configure:9556: $? = 0
configure:9570: result: no
configure:9735: checking dynamic linker characteristics
configure:10249: gcc -o conftest -g -O2   -Wl,-rpath -Wl,/foo conftest.c  >&5
configure:10249: $? = 0
configure:10471: result: GNU/Linux ld.so
configure:10578: checking how to hardcode library paths into programs
configure:10603: result: immediate
configure:11143: checking whether stripping libraries is possible
configure:11148: result: yes
configure:11183: checking if libtool supports shared libraries
configure:11185: result: yes
configure:11188: checking whether to build shared libraries
configure:11209: result: yes
configure:11212: checking whether to build static libraries
configure:11216: result: yes
configure:11299: checking for gcc
configure:11326: result: gcc
configure:11555: checking for C compiler version
configure:11564: gcc --version >&5
gcc (Ubuntu 4.4.3-4ubuntu5) 4.4.3
Copyright (C) 2009 Free Software Foundation, Inc.
This is free software; see the source for copying conditions.  There is NO
warranty; not even for MERCHANTABILITY or FITNESS FOR A PARTICULAR PURPOSE.

configure:11575: $? = 0
configure:11564: gcc -v >&5
Using built-in specs.
Target: i486-linux-gnu
Configured with: ../src/configure -v --with-pkgversion='Ubuntu 4.4.3-4ubuntu5' --with-bugurl=file:///usr/share/doc/gcc-4.4/README.Bugs --enable-languages=c,c++,fortran,objc,obj-c++ --prefix=/usr --enable-shared --enable-multiarch --enable-linker-build-id --with-system-zlib --libexecdir=/usr/lib --without-included-gettext --enable-threads=posix --with-gxx-include-dir=/usr/include/c++/4.4 --program-suffix=-4.4 --enable-nls --enable-clocale=gnu --enable-libstdcxx-debug --enable-plugin --enable-objc-gc --enable-targets=all --disable-werror --with-arch-32=i486 --with-tune=generic --enable-checking=release --build=i486-linux-gnu --host=i486-linux-gnu --target=i486-linux-gnu
Thread model: posix
gcc version 4.4.3 (Ubuntu 4.4.3-4ubuntu5) 
configure:11575: $? = 0
configure:11564: gcc -V >&5
gcc: '-V' option must have argument
configure:11575: $? = 1
configure:11564: gcc -qversion >&5
gcc: unrecognized option '-qversion'
gcc: no input files
configure:11575: $? = 1
configure:11579: checking whether we are using the GNU C compiler
configure:11607: result: yes
configure:11616: checking whether gcc accepts -g
configure:11677: result: yes
configure:11694: checking for gcc option to accept ISO C89
configure:11771: result: none needed
configure:11793: checking dependency style of gcc
configure:11903: result: gcc3
configure:11919: checking whether gcc and cc understand -c and -o together
configure:11950: gcc -c conftest.c -o conftest2.o >&5
configure:11954: $? = 0
configure:11960: gcc -c conftest.c -o conftest2.o >&5
configure:11964: $? = 0
configure:11975: cc -c conftest.c >&5
configure:11979: $? = 0
configure:11987: cc -c conftest.c -o conftest2.o >&5
configure:11991: $? = 0
configure:11997: cc -c conftest.c -o conftest2.o >&5
configure:12001: $? = 0
configure:12019: result: yes
configure:12113: checking for fork
configure:12113: gcc -o conftest -Wall -W -Wno-sign-compare -Wstrict-prototypes -Wmissing-declarations -Wwrite-strings -g -O2 -fno-strict-aliasing   conftest.c  >&5
conftest.c:46: warning: function declaration isn't a prototype
conftest.c:46: warning: conflicting types for built-in function 'fork'
conftest.c:56: warning: function declaration isn't a prototype
configure:12113: $? = 0
configure:12113: result: yes
configure:12113: checking for setxattr
configure:12113: gcc -o conftest -Wall -W -Wno-sign-compare -Wstrict-prototypes -Wmissing-declarations -Wwrite-strings -g -O2 -fno-strict-aliasing   conftest.c  >&5
conftest.c:47: warning: function declaration isn't a prototype
conftest.c:57: warning: function declaration isn't a prototype
configure:12113: $? = 0
configure:12113: result: yes
configure:12113: checking for fdatasync
configure:12113: gcc -o conftest -Wall -W -Wno-sign-compare -Wstrict-prototypes -Wmissing-declarations -Wwrite-strings -g -O2 -fno-strict-aliasing   conftest.c  >&5
conftest.c:48: warning: function declaration isn't a prototype
conftest.c:58: warning: function declaration isn't a prototype
configure:12113: $? = 0
configure:12113: result: yes
configure:12113: checking for splice
configure:12113: gcc -o conftest -Wall -W -Wno-sign-compare -Wstrict-prototypes -Wmissing-declarations -Wwrite-strings -g -O2 -fno-strict-aliasing   conftest.c  >&5
conftest.c:49: warning: function declaration isn't a prototype
conftest.c:59: warning: function declaration isn't a prototype
configure:12113: $? = 0
configure:12113: result: yes
configure:12113: checking for vmsplice
configure:12113: gcc -o conftest -Wall -W -Wno-sign-compare -Wstrict-prototypes -Wmissing-declarations -Wwrite-strings -g -O2 -fno-strict-aliasing   conftest.c  >&5
conftest.c:50: warning: function declaration isn't a prototype
conftest.c:60: warning: function declaration isn't a prototype
configure:12113: $? = 0
configure:12113: result: yes
configure:12113: checking for utimensat
configure:12113: gcc -o conftest -Wall -W -Wno-sign-compare -Wstrict-prototypes -Wmissing-declarations -Wwrite-strings -g -O2 -fno-strict-aliasing   conftest.c  >&5
conftest.c:51: warning: function declaration isn't a prototype
conftest.c:61: warning: function declaration isn't a prototype
configure:12113: $? = 0
configure:12113: result: yes
configure:12122: checking for struct stat.st_atim
configure:12122: gcc -c -Wall -W -Wno-sign-compare -Wstrict-prototypes -Wmissing-declarations -Wwrite-strings -g -O2 -fno-strict-aliasing  conftest.c >&5
conftest.c:64: warning: function declaration isn't a prototype
conftest.c: In function 'main':
conftest.c:66: error: used struct type value where scalar is required
configure:12122: $? = 1
configure: failed program was:
| /* confdefs.h */
| #define PACKAGE_NAME "fuse"
| #define PACKAGE_TARNAME "fuse"
| #define PACKAGE_VERSION "2.9.0"
| #define PACKAGE_STRING "fuse 2.9.0"
| #define PACKAGE_BUGREPORT ""
| #define PACKAGE_URL ""
| #define PACKAGE "fuse"
| #define VERSION "2.9.0"
| #define STDC_HEADERS 1
| #define HAVE_SYS_TYPES_H 1
| #define HAVE_SYS_STAT_H 1
| #define HAVE_STDLIB_H 1
| #define HAVE_STRING_H 1
| #define HAVE_MEMORY_H 1
| #define HAVE_STRINGS_H 1
| #define HAVE_INTTYPES_H 1
| #define HAVE_STDINT_H 1
| #define HAVE_UNISTD_H 1
| #define HAVE_DLFCN_H 1
| #define LT_OBJDIR ".libs/"
| #define HAVE_FORK 1
| #define HAVE_SETXATTR 1
| #define HAVE_FDATASYNC 1
| #define HAVE_SPLICE 1
| #define HAVE_VMSPLICE 1
| #define HAVE_UTIMENSAT 1
| /* end confdefs.h.  */
| #include <stdio.h>
| #ifdef HAVE_SYS_TYPES_H
| # include <sys/types.h>
| #endif
| #ifdef HAVE_SYS_STAT_H
| # include <sys/stat.h>
| #endif
| #ifdef STDC_HEADERS
| # include <stdlib.h>
| # include <stddef.h>
| #else
| # ifdef HAVE_STDLIB_H
| #  include <stdlib.h>
| # endif
| #endif
| #ifdef HAVE_STRING_H
| # if !defined STDC_HEADERS && defined HAVE_MEMORY_H
| #  include <memory.h>
| # endif
| # include <string.h>
| #endif
| #ifdef HAVE_STRINGS_H
| # include <strings.h>
| #endif
| #ifdef HAVE_INTTYPES_H
| # include <inttypes.h>
| #endif
| #ifdef HAVE_STDINT_H
| # include <stdint.h>
| #endif
| #ifdef HAVE_UNISTD_H
| # include <unistd.h>
| #endif
| int
| main ()
| {
| static struct stat ac_aggr;
| if (ac_aggr.st_atim)
| return 0;
|   ;
|   return 0;
| }
configure:12122: gcc -c -Wall -W -Wno-sign-compare -Wstrict-prototypes -Wmissing-declarations -Wwrite-strings -g -O2 -fno-strict-aliasing  conftest.c >&5
conftest.c:64: warning: function declaration isn't a prototype
configure:12122: $? = 0
configure:12122: result: yes
configure:12132: checking for struct stat.st_atimespec
configure:12132: gcc -c -Wall -W -Wno-sign-compare -Wstrict-prototypes -Wmissing-declarations -Wwrite-strings -g -O2 -fno-strict-aliasing  conftest.c >&5
conftest.c:65: warning: function declaration isn't a prototype
conftest.c: In function 'main':
conftest.c:67: error: 'struct stat' has no member named 'st_atimespec'
configure:12132: $? = 1
configure: failed program was:
| /* confdefs.h */
| #define PACKAGE_NAME "fuse"
| #define PACKAGE_TARNAME "fuse"
| #define PACKAGE_VERSION "2.9.0"
| #define PACKAGE_STRING "fuse 2.9.0"
| #define PACKAGE_BUGREPORT ""
| #define PACKAGE_URL ""
| #define PACKAGE "fuse"
| #define VERSION "2.9.0"
| #define STDC_HEADERS 1
| #define HAVE_SYS_TYPES_H 1
| #define HAVE_SYS_STAT_H 1
| #define HAVE_STDLIB_H 1
| #define HAVE_STRING_H 1
| #define HAVE_MEMORY_H 1
| #define HAVE_STRINGS_H 1
| #define HAVE_INTTYPES_H 1
| #define HAVE_STDINT_H 1
| #define HAVE_UNISTD_H 1
| #define HAVE_DLFCN_H 1
| #define LT_OBJDIR ".libs/"
| #define HAVE_FORK 1
| #define HAVE_SETXATTR 1
| #define HAVE_FDATASYNC 1
| #define HAVE_SPLICE 1
| #define HAVE_VMSPLICE 1
| #define HAVE_UTIMENSAT 1
| #define HAVE_STRUCT_STAT_ST_ATIM 1
| /* end confdefs.h.  */
| #include <stdio.h>
| #ifdef HAVE_SYS_TYPES_H
| # include <sys/types.h>
| #endif
| #ifdef HAVE_SYS_STAT_H
| # include <sys/stat.h>
| #endif
| #ifdef STDC_HEADERS
| # include <stdlib.h>
| # include <stddef.h>
| #else
| # ifdef HAVE_STDLIB_H
| #  include <stdlib.h>
| # endif
| #endif
| #ifdef HAVE_STRING_H
| # if !defined STDC_HEADERS && defined HAVE_MEMORY_H
| #  include <memory.h>
| # endif
| # include <string.h>
| #endif
| #ifdef HAVE_STRINGS_H
| # include <strings.h>
| #endif
| #ifdef HAVE_INTTYPES_H
| # include <inttypes.h>
| #endif
| #ifdef HAVE_STDINT_H
| # include <stdint.h>
| #endif
| #ifdef HAVE_UNISTD_H
| # include <unistd.h>
| #endif
| int
| main ()
| {
| static struct stat ac_aggr;
| if (ac_aggr.st_atimespec)
| return 0;
|   ;
|   return 0;
| }
configure:12132: gcc -c -Wall -W -Wno-sign-compare -Wstrict-prototypes -Wmissing-declarations -Wwrite-strings -g -O2 -fno-strict-aliasing  conftest.c >&5
conftest.c:65: warning: function declaration isn't a prototype
conftest.c: In function 'main':
conftest.c:67: error: 'struct stat' has no member named 'st_atimespec'
configure:12132: $? = 1
configure: failed program was:
| /* confdefs.h */
| #define PACKAGE_NAME "fuse"
| #define PACKAGE_TARNAME "fuse"
| #define PACKAGE_VERSION "2.9.0"
| #define PACKAGE_STRING "fuse 2.9.0"
| #define PACKAGE_BUGREPORT ""
| #define PACKAGE_URL ""
| #define PACKAGE "fuse"
| #define VERSION "2.9.0"
| #define STDC_HEADERS 1
| #define HAVE_SYS_TYPES_H 1
| #define HAVE_SYS_STAT_H 1
| #define HAVE_STDLIB_H 1
| #define HAVE_STRING_H 1
| #define HAVE_MEMORY_H 1
| #define HAVE_STRINGS_H 1
| #define HAVE_INTTYPES_H 1
| #define HAVE_STDINT_H 1
| #define HAVE_UNISTD_H 1
| #define HAVE_DLFCN_H 1
| #define LT_OBJDIR ".libs/"
| #define HAVE_FORK 1
| #define HAVE_SETXATTR 1
| #define HAVE_FDATASYNC 1
| #define HAVE_SPLICE 1
| #define HAVE_VMSPLICE 1
| #define HAVE_UTIMENSAT 1
| #define HAVE_STRUCT_STAT_ST_ATIM 1
| /* end confdefs.h.  */
| #include <stdio.h>
| #ifdef HAVE_SYS_TYPES_H
| # include <sys/types.h>
| #endif
| #ifdef HAVE_SYS_STAT_H
| # include <sys/stat.h>
| #endif
| #ifdef STDC_HEADERS
| # include <stdlib.h>
| # include <stddef.h>
| #else
| # ifdef HAVE_STDLIB_H
| #  include <stdlib.h>
| # endif
| #endif
| #ifdef HAVE_STRING_H
| # if !defined STDC_HEADERS && defined HAVE_MEMORY_H
| #  include <memory.h>
| # endif
| # include <string.h>
| #endif
| #ifdef HAVE_STRINGS_H
| # include <strings.h>
| #endif
| #ifdef HAVE_INTTYPES_H
| # include <inttypes.h>
| #endif
| #ifdef HAVE_STDINT_H
| # include <stdint.h>
| #endif
| #ifdef HAVE_UNISTD_H
| # include <unistd.h>
| #endif
| int
| main ()
| {
| static struct stat ac_aggr;
| if (sizeof ac_aggr.st_atimespec)
| return 0;
|   ;
|   return 0;
| }
configure:12132: result: no
configure:12145: checking for library containing dlopen
configure:12176: gcc -o conftest -Wall -W -Wno-sign-compare -Wstrict-prototypes -Wmissing-declarations -Wwrite-strings -g -O2 -fno-strict-aliasing   conftest.c  >&5
conftest.c:37: warning: function declaration isn't a prototype
conftest.c:40: warning: function declaration isn't a prototype
/tmp/ccj5wv13.o: In function `main':
/home/dariuskylin/githubRepository/utilityLib/fuse/fuse-2.9.0/conftest.c:41: undefined reference to `dlopen'
collect2: ld returned 1 exit status
configure:12176: $? = 1
configure: failed program was:
| /* confdefs.h */
| #define PACKAGE_NAME "fuse"
| #define PACKAGE_TARNAME "fuse"
| #define PACKAGE_VERSION "2.9.0"
| #define PACKAGE_STRING "fuse 2.9.0"
| #define PACKAGE_BUGREPORT ""
| #define PACKAGE_URL ""
| #define PACKAGE "fuse"
| #define VERSION "2.9.0"
| #define STDC_HEADERS 1
| #define HAVE_SYS_TYPES_H 1
| #define HAVE_SYS_STAT_H 1
| #define HAVE_STDLIB_H 1
| #define HAVE_STRING_H 1
| #define HAVE_MEMORY_H 1
| #define HAVE_STRINGS_H 1
| #define HAVE_INTTYPES_H 1
| #define HAVE_STDINT_H 1
| #define HAVE_UNISTD_H 1
| #define HAVE_DLFCN_H 1
| #define LT_OBJDIR ".libs/"
| #define HAVE_FORK 1
| #define HAVE_SETXATTR 1
| #define HAVE_FDATASYNC 1
| #define HAVE_SPLICE 1
| #define HAVE_VMSPLICE 1
| #define HAVE_UTIMENSAT 1
| #define HAVE_STRUCT_STAT_ST_ATIM 1
| /* end confdefs.h.  */
| 
| /* Override any GCC internal prototype to avoid an error.
|    Use char because int might match the return type of a GCC
|    builtin and then its argument prototype would still apply.  */
| #ifdef __cplusplus
| extern "C"
| #endif
| char dlopen ();
| int
| main ()
| {
| return dlopen ();
|   ;
|   return 0;
| }
configure:12176: gcc -o conftest -Wall -W -Wno-sign-compare -Wstrict-prototypes -Wmissing-declarations -Wwrite-strings -g -O2 -fno-strict-aliasing   conftest.c -ldl   >&5
conftest.c:37: warning: function declaration isn't a prototype
conftest.c:40: warning: function declaration isn't a prototype
configure:12176: $? = 0
configure:12193: result: -ldl
configure:12201: checking for library containing clock_gettime
configure:12232: gcc -o conftest -Wall -W -Wno-sign-compare -Wstrict-prototypes -Wmissing-declarations -Wwrite-strings -g -O2 -fno-strict-aliasing   conftest.c -ldl  >&5
conftest.c:37: warning: function declaration isn't a prototype
conftest.c:40: warning: function declaration isn't a prototype
/tmp/ccYnIpPd.o: In function `main':
/home/dariuskylin/githubRepository/utilityLib/fuse/fuse-2.9.0/conftest.c:41: undefined reference to `clock_gettime'
collect2: ld returned 1 exit status
configure:12232: $? = 1
configure: failed program was:
| /* confdefs.h */
| #define PACKAGE_NAME "fuse"
| #define PACKAGE_TARNAME "fuse"
| #define PACKAGE_VERSION "2.9.0"
| #define PACKAGE_STRING "fuse 2.9.0"
| #define PACKAGE_BUGREPORT ""
| #define PACKAGE_URL ""
| #define PACKAGE "fuse"
| #define VERSION "2.9.0"
| #define STDC_HEADERS 1
| #define HAVE_SYS_TYPES_H 1
| #define HAVE_SYS_STAT_H 1
| #define HAVE_STDLIB_H 1
| #define HAVE_STRING_H 1
| #define HAVE_MEMORY_H 1
| #define HAVE_STRINGS_H 1
| #define HAVE_INTTYPES_H 1
| #define HAVE_STDINT_H 1
| #define HAVE_UNISTD_H 1
| #define HAVE_DLFCN_H 1
| #define LT_OBJDIR ".libs/"
| #define HAVE_FORK 1
| #define HAVE_SETXATTR 1
| #define HAVE_FDATASYNC 1
| #define HAVE_SPLICE 1
| #define HAVE_VMSPLICE 1
| #define HAVE_UTIMENSAT 1
| #define HAVE_STRUCT_STAT_ST_ATIM 1
| /* end confdefs.h.  */
| 
| /* Override any GCC internal prototype to avoid an error.
|    Use char because int might match the return type of a GCC
|    builtin and then its argument prototype would still apply.  */
| #ifdef __cplusplus
| extern "C"
| #endif
| char clock_gettime ();
| int
| main ()
| {
| return clock_gettime ();
|   ;
|   return 0;
| }
configure:12232: gcc -o conftest -Wall -W -Wno-sign-compare -Wstrict-prototypes -Wmissing-declarations -Wwrite-strings -g -O2 -fno-strict-aliasing   conftest.c -lrt  -ldl  >&5
conftest.c:37: warning: function declaration isn't a prototype
conftest.c:40: warning: function declaration isn't a prototype
configure:12232: $? = 0
configure:12249: result: -lrt
configure:12310: checking for ld used by GCC
configure:12374: result: /usr/bin/ld
configure:12381: checking if the linker (/usr/bin/ld) is GNU ld
configure:12394: result: yes
configure:12401: checking for shared library run path origin
configure:12414: result: done
configure:12992: checking for iconv
configure:13014: gcc -o conftest -Wall -W -Wno-sign-compare -Wstrict-prototypes -Wmissing-declarations -Wwrite-strings -g -O2 -fno-strict-aliasing   conftest.c  >&5
conftest.c:34: warning: function declaration isn't a prototype
configure:13014: $? = 0
configure:13046: result: yes
configure:13049: checking for working iconv
configure:13144: gcc -o conftest -Wall -W -Wno-sign-compare -Wstrict-prototypes -Wmissing-declarations -Wwrite-strings -g -O2 -fno-strict-aliasing   conftest.c  >&5
conftest.c:34: warning: function declaration isn't a prototype
configure:13144: $? = 0
configure:13144: ./conftest
configure:13144: $? = 0
configure:13156: result: yes
configure:13184: checking for iconv declaration
configure:13213: gcc -c -Wall -W -Wno-sign-compare -Wstrict-prototypes -Wmissing-declarations -Wwrite-strings -g -O2 -fno-strict-aliasing  conftest.c >&5
conftest.c:46: warning: function declaration isn't a prototype
configure:13213: $? = 0
configure:13224: result:
         extern size_t iconv (iconv_t cd, char * *inbuf, size_t *inbytesleft, char * *outbuf, size_t *outbytesleft);
configure:13287: checking if umount supports --fake --no-canonicalize
configure:13292: result: yes
configure:13454: creating ./config.status

## ---------------------- ##
## Running config.status. ##
## ---------------------- ##

This file was extended by fuse config.status 2.9.0, which was
generated by GNU Autoconf 2.68.  Invocation command line was

  CONFIG_FILES    = 
  CONFIG_HEADERS  = 
  CONFIG_LINKS    = 
  CONFIG_COMMANDS = 
  $ ./config.status 

on ubuntu

config.status:1124: creating fuse.pc
config.status:1124: creating Makefile
config.status:1124: creating lib/Makefile
config.status:1124: creating util/Makefile
config.status:1124: creating example/Makefile
config.status:1124: creating include/Makefile
config.status:1124: creating doc/Makefile
config.status:1124: creating include/config.h
config.status:1353: executing depfiles commands
config.status:1353: executing libtool commands

## ---------------- ##
## Cache variables. ##
## ---------------- ##

ac_cv_build=i686-pc-linux-gnu
ac_cv_c_compiler_gnu=yes
ac_cv_env_CC_set=
ac_cv_env_CC_value=
ac_cv_env_CFLAGS_set=
ac_cv_env_CFLAGS_value=
ac_cv_env_CPPFLAGS_set=
ac_cv_env_CPPFLAGS_value=
ac_cv_env_CPP_set=
ac_cv_env_CPP_value=
ac_cv_env_LDFLAGS_set=
ac_cv_env_LDFLAGS_value=
ac_cv_env_LIBS_set=
ac_cv_env_LIBS_value=
ac_cv_env_build_alias_set=
ac_cv_env_build_alias_value=
ac_cv_env_host_alias_set=
ac_cv_env_host_alias_value=
ac_cv_env_target_alias_set=
ac_cv_env_target_alias_value=
ac_cv_func_fdatasync=yes
ac_cv_func_fork=yes
ac_cv_func_setxattr=yes
ac_cv_func_splice=yes
ac_cv_func_utimensat=yes
ac_cv_func_vmsplice=yes
ac_cv_header_dlfcn_h=yes
ac_cv_header_inttypes_h=yes
ac_cv_header_memory_h=yes
ac_cv_header_stdc=yes
ac_cv_header_stdint_h=yes
ac_cv_header_stdlib_h=yes
ac_cv_header_string_h=yes
ac_cv_header_strings_h=yes
ac_cv_header_sys_stat_h=yes
ac_cv_header_sys_types_h=yes
ac_cv_header_unistd_h=yes
ac_cv_host=i686-pc-linux-gnu
ac_cv_member_struct_stat_st_atim=yes
ac_cv_member_struct_stat_st_atimespec=no
ac_cv_objext=o
ac_cv_path_EGREP='/bin/grep -E'
ac_cv_path_FGREP='/bin/grep -F'
ac_cv_path_GREP=/bin/grep
ac_cv_path_SED=/bin/sed
ac_cv_path_install='/usr/bin/install -c'
ac_cv_path_mkdir=/bin/mkdir
ac_cv_prog_AWK=gawk
ac_cv_prog_CPP='gcc -E'
ac_cv_prog_ac_ct_AR=ar
ac_cv_prog_ac_ct_CC=gcc
ac_cv_prog_ac_ct_MANIFEST_TOOL=mt
ac_cv_prog_ac_ct_OBJDUMP=objdump
ac_cv_prog_ac_ct_RANLIB=ranlib
ac_cv_prog_ac_ct_STRIP=strip
ac_cv_prog_cc_c89=
ac_cv_prog_cc_g=yes
ac_cv_prog_cc_gcc_c_o=yes
ac_cv_prog_make_make_set=yes
ac_cv_search_clock_gettime=-lrt
ac_cv_search_dlopen=-ldl
ac_cv_target=i686-pc-linux-gnu
acl_cv_hardcode_direct=no
acl_cv_hardcode_libdir_flag_spec='${wl}-rpath ${wl}$libdir'
acl_cv_hardcode_libdir_separator=
acl_cv_hardcode_minus_L=no
acl_cv_libext=a
acl_cv_libname_spec='lib$name'
acl_cv_library_names_spec='$libname$shrext'
acl_cv_path_LD=/usr/bin/ld
acl_cv_prog_gnu_ld=yes
acl_cv_rpath=done
acl_cv_shlibext=so
acl_cv_wl=-Wl,
am_cv_CC_dependencies_compiler_type=gcc3
am_cv_func_iconv=yes
am_cv_func_iconv_works=yes
am_cv_lib_iconv=no
am_cv_proto_iconv='extern size_t iconv (iconv_t cd, char * *inbuf, size_t *inbytesleft, char * *outbuf, size_t *outbytesleft);'
am_cv_proto_iconv_arg1=
lt_cv_ar_at_file=@
lt_cv_archive_cmds_need_lc=no
lt_cv_deplibs_check_method=pass_all
lt_cv_file_magic_cmd='$MAGIC_CMD'
lt_cv_file_magic_test_file=
lt_cv_ld_reload_flag=-r
lt_cv_nm_interface='BSD nm'
lt_cv_objdir=.libs
lt_cv_path_LD=/usr/bin/ld
lt_cv_path_NM='/usr/bin/nm -B'
lt_cv_path_mainfest_tool=no
lt_cv_prog_compiler_c_o=yes
lt_cv_prog_compiler_pic='-fPIC -DPIC'
lt_cv_prog_compiler_pic_works=yes
lt_cv_prog_compiler_rtti_exceptions=no
lt_cv_prog_compiler_static_works=yes
lt_cv_prog_gnu_ld=yes
lt_cv_sharedlib_from_linklib_cmd='printf %s\n'
lt_cv_shlibpath_overrides_runpath=no
lt_cv_sys_global_symbol_pipe='sed -n -e '\''s/^.*[	 ]\([ABCDGIRSTW][ABCDGIRSTW]*\)[	 ][	 ]*\([_A-Za-z][_A-Za-z0-9]*\)$/\1 \2 \2/p'\'' | sed '\''/ __gnu_lto/d'\'''
lt_cv_sys_global_symbol_to_c_name_address='sed -n -e '\''s/^: \([^ ]*\)[ ]*$/  {\"\1\", (void *) 0},/p'\'' -e '\''s/^[ABCDGIRSTW]* \([^ ]*\) \([^ ]*\)$/  {"\2", (void *) \&\2},/p'\'''
lt_cv_sys_global_symbol_to_c_name_address_lib_prefix='sed -n -e '\''s/^: \([^ ]*\)[ ]*$/  {\"\1\", (void *) 0},/p'\'' -e '\''s/^[ABCDGIRSTW]* \([^ ]*\) \(lib[^ ]*\)$/  {"\2", (void *) \&\2},/p'\'' -e '\''s/^[ABCDGIRSTW]* \([^ ]*\) \([^ ]*\)$/  {"lib\2", (void *) \&\2},/p'\'''
lt_cv_sys_global_symbol_to_cdecl='sed -n -e '\''s/^T .* \(.*\)$/extern int \1();/p'\'' -e '\''s/^[ABCDGIRSTW]* .* \(.*\)$/extern char \1;/p'\'''
lt_cv_sys_max_cmd_len=1572864
lt_cv_to_host_file_cmd=func_convert_file_noop
lt_cv_to_tool_file_cmd=func_convert_file_noop

## ----------------- ##
## Output variables. ##
## ----------------- ##

ACLOCAL='${SHELL} /home/dariuskylin/githubRepository/utilityLib/fuse/fuse-2.9.0/missing --run aclocal-1.11'
AMDEPBACKSLASH='\'
AMDEP_FALSE='#'
AMDEP_TRUE=''
AMTAR='${SHELL} /home/dariuskylin/githubRepository/utilityLib/fuse/fuse-2.9.0/missing --run tar'
AM_BACKSLASH='\'
AM_DEFAULT_VERBOSITY='0'
AR='ar'
AUTOCONF='${SHELL} /home/dariuskylin/githubRepository/utilityLib/fuse/fuse-2.9.0/missing --run autoconf'
AUTOHEADER='${SHELL} /home/dariuskylin/githubRepository/utilityLib/fuse/fuse-2.9.0/missing --run autoheader'
AUTOMAKE='${SHELL} /home/dariuskylin/githubRepository/utilityLib/fuse/fuse-2.9.0/missing --run automake-1.11'
AWK='gawk'
BSD_FALSE=''
BSD_TRUE='#'
CC='gcc'
CCDEPMODE='depmode=gcc3'
CFLAGS='-Wall -W -Wno-sign-compare -Wstrict-prototypes -Wmissing-declarations -Wwrite-strings -g -O2 -fno-strict-aliasing'
CPP='gcc -E'
CPPFLAGS=''
CYGPATH_W='echo'
DEFS='-DHAVE_CONFIG_H'
DEPDIR='.deps'
DLLTOOL='false'
DSYMUTIL=''
DUMPBIN=''
ECHO_C=''
ECHO_N='-n'
ECHO_T=''
EGREP='/bin/grep -E'
EXEEXT=''
FGREP='/bin/grep -F'
GREP='/bin/grep'
ICONV_FALSE='#'
ICONV_TRUE=''
INIT_D_PATH='/etc/init.d'
INSTALL_DATA='${INSTALL} -m 644'
INSTALL_PROGRAM='${INSTALL}'
INSTALL_SCRIPT='${INSTALL}'
INSTALL_STRIP_PROGRAM='$(install_sh) -c -s'
LD='/usr/bin/ld'
LDFLAGS=''
LIBICONV=''
LIBOBJS=''
LIBS=''
LIBTOOL='$(SHELL) $(top_builddir)/libtool'
LINUX_FALSE='#'
LINUX_TRUE=''
LIPO=''
LN_S='ln -s'
LTLIBICONV=''
LTLIBOBJS=''
MAKEINFO='${SHELL} /home/dariuskylin/githubRepository/utilityLib/fuse/fuse-2.9.0/missing --run makeinfo'
MANIFEST_TOOL=':'
MKDIR_P='/bin/mkdir -p'
MOUNT_FUSE_PATH='/sbin'
NETBSD_FALSE=''
NETBSD_TRUE='#'
NM='/usr/bin/nm -B'
NMEDIT=''
OBJDUMP='objdump'
OBJEXT='o'
OTOOL64=''
OTOOL=''
PACKAGE='fuse'
PACKAGE_BUGREPORT=''
PACKAGE_NAME='fuse'
PACKAGE_STRING='fuse 2.9.0'
PACKAGE_TARNAME='fuse'
PACKAGE_URL=''
PACKAGE_VERSION='2.9.0'
PATH_SEPARATOR=':'
RANLIB='ranlib'
SED='/bin/sed'
SET_MAKE=''
SHELL='/bin/bash'
STRIP='strip'
UDEV_RULES_PATH='/etc/udev/rules.d'
VERSION='2.9.0'
ac_ct_AR='ar'
ac_ct_CC='gcc'
ac_ct_DUMPBIN=''
am__EXEEXT_FALSE=''
am__EXEEXT_TRUE='#'
am__fastdepCC_FALSE='#'
am__fastdepCC_TRUE=''
am__include='include'
am__isrc=''
am__leading_dot='.'
am__quote=''
am__tar='${AMTAR} chof - "$$tardir"'
am__untar='${AMTAR} xf -'
bindir='${exec_prefix}/bin'
build='i686-pc-linux-gnu'
build_alias=''
build_cpu='i686'
build_os='linux-gnu'
build_vendor='pc'
datadir='${datarootdir}'
datarootdir='${prefix}/share'
docdir='${datarootdir}/doc/${PACKAGE_TARNAME}'
dvidir='${docdir}'
exec_prefix='${prefix}'
host='i686-pc-linux-gnu'
host_alias=''
host_cpu='i686'
host_os='linux-gnu'
host_vendor='pc'
htmldir='${docdir}'
includedir='${prefix}/include'
infodir='${datarootdir}/info'
install_sh='${SHELL} /home/dariuskylin/githubRepository/utilityLib/fuse/fuse-2.9.0/install-sh'
libdir='${exec_prefix}/lib'
libexecdir='${exec_prefix}/libexec'
libfuse_libs='-pthread -lrt -ldl  '
localedir='${datarootdir}/locale'
localstatedir='${prefix}/var'
mandir='${datarootdir}/man'
mkdir_p='/bin/mkdir -p'
oldincludedir='/usr/include'
pdfdir='${docdir}'
pkgconfigdir='${libdir}/pkgconfig'
prefix='/usr/local'
program_transform_name='s,x,x,'
psdir='${docdir}'
sbindir='${exec_prefix}/sbin'
sharedstatedir='${prefix}/com'
subdirs2='include lib util example'
sysconfdir='${prefix}/etc'
target='i686-pc-linux-gnu'
target_alias=''
target_cpu='i686'
target_os='linux-gnu'
target_vendor='pc'

## ----------- ##
## confdefs.h. ##
## ----------- ##

/* confdefs.h */
#define PACKAGE_NAME "fuse"
#define PACKAGE_TARNAME "fuse"
#define PACKAGE_VERSION "2.9.0"
#define PACKAGE_STRING "fuse 2.9.0"
#define PACKAGE_BUGREPORT ""
#define PACKAGE_URL ""
#define PACKAGE "fuse"
#define VERSION "2.9.0"
#define STDC_HEADERS 1
#define HAVE_SYS_TYPES_H 1
#define HAVE_SYS_STAT_H 1
#define HAVE_STDLIB_H 1
#define HAVE_STRING_H 1
#define HAVE_MEMORY_H 1
#define HAVE_STRINGS_H 1
#define HAVE_INTTYPES_H 1
#define HAVE_STDINT_H 1
#define HAVE_UNISTD_H 1
#define HAVE_DLFCN_H 1
#define LT_OBJDIR ".libs/"
#define HAVE_FORK 1
#define HAVE_SETXATTR 1
#define HAVE_FDATASYNC 1
#define HAVE_SPLICE 1
#define HAVE_VMSPLICE 1
#define HAVE_UTIMENSAT 1
#define HAVE_STRUCT_STAT_ST_ATIM 1
#define HAVE_ICONV 1
#define ICONV_CONST 

configure: exit 0
